[?1h=[H[2J[mtop - 23:34:11 up 2 days, 23:48,  1 user,  load average: 0.00, 0.00, 0.00[m[m[m[m[K
Tasks:[m[m[1m  86 [m[mtotal,[m[m[1m   1 [m[mrunning,[m[m[1m  52 [m[msleeping,[m[m[1m   0 [m[mstopped,[m[m[1m   0 [m[mzombie[m[m[m[m[K
%Cpu(s):[m[m[1m  0.0 [m[mus,[m[m[1m  0.0 [m[msy,[m[m[1m  0.0 [m[mni,[m[m[1m 99.9 [m[mid,[m[m[1m  0.0 [m[mwa,[m[m[1m  0.0 [m[mhi,[m[m[1m  0.0 [m[msi,[m[m[1m  0.[m[m[m[m[K
KiB Mem :[m[m[1m  1007520 [m[mtotal,[m[m[1m   280036 [m[mfree,[m[m[1m   112864 [m[mused,[m[m[1m   614620 [m[mbuff/cache[m[m[m[m[K
KiB Swap:[m[m[1m        0 [m[mtotal,[m[m[1m        0 [m[mfree,[m[m[1m        0 [m[mused.[m[m[1m   731460 [m[mavail Mem [m[m[m[m[K
[K
[7m  PID USER      PR  NI    VIRT    RES    SHR S %CPU %MEM     TIME+ COMMAND [m[m[K
[m    1 root      20   0  159776   9060   6672 S  0.0  0.9   0:04.11 systemd [m[m[K
[m    2 root      20   0       0      0      0 S  0.0  0.0   0:00.00 kthrea+ [m[m[K
[m    4 root       0 -20       0      0      0 I  0.0  0.0   0:00.00 kworke+ [m[m[K
[m    6 root       0 -20       0      0      0 I  0.0  0.0   0:00.00 mm_per+ [m[m[K
[m    7 root      20   0       0      0      0 S  0.0  0.0   0:00.20 ksofti+ [m[m[K
[m    8 root      20   0       0      0      0 I  0.0  0.0   0:00.39 rcu_sc+ [m[m[K
[m    9 root      20   0       0      0      0 I  0.0  0.0   0:00.00 rcu_bh  [m[m[K
[m   10 root      rt   0       0      0      0 S  0.0  0.0   0:00.00 migrat+ [m[m[K
[m   11 root      rt   0       0      0      0 S  0.0  0.0   0:00.63 watchd+ [m[m[K
[m   12 root      20   0       0      0      0 S  0.0  0.0   0:00.00 cpuhp/0 [m[m[K
[m   13 root      20   0       0      0      0 S  0.0  0.0   0:00.00 kdevtm+ [m[m[K
[m   14 root       0 -20       0      0      0 I  0.0  0.0   0:00.00 netns   [m[m[K
[m   15 root      20   0       0      0      0 S  0.0  0.0   0:00.00 rcu_ta+ [m[m[K
[m   16 root      20   0       0      0      0 S  0.0  0.0   0:00.00 kauditd [m[m[K
[m   17 root      20   0       0      0      0 S  0.0  0.0   0:00.00 xenbus  [m[m[K
[m   18 root      20   0       0      0      0 S  0.0  0.0   0:00.01 xenwat+ [m[m[K
[m   20 root      20   0       0      0      0 S  0.0  0.0   0:00.05 khungt+ [m[m[K
[m   21 root      20   0       0      0      0 S  0.0  0.0   0:00.00 oom_re+ [m[m[K
[m   22 root       0 -20       0      0      0 I  0.0  0.0   0:00.00 writeb+ [m[m[K
[m   23 root      20   0       0      0      0 S  0.0  0.0   0:00.00 kcompa+ [m[m[K
[m   24 root      25   5       0      0      0 S  0.0  0.0   0:00.00 ksmd    [m[m[K
[m   25 root      39  19       0      0      0 S  0.0  0.0   0:00.00 khugep+ [m[m[K
[m   26 root       0 -20       0      0      0 I  0.0  0.0   0:00.00 crypto  [m[m[K
[m   27 root       0 -20       0      0      0 I  0.0  0.0   0:00.00 kinteg+ [m[m[K
[m   28 root       0 -20       0      0      0 I  0.0  0.0   0:00.00 kblockd [m[m[K
[m   29 root       0 -20       0      0      0 I  0.0  0.0   0:00.00 ata_sff [m[m[K
[m   30 root       0 -20       0      0      0 I  0.0  0.0   0:00.00 md      [m[m[K
[m   31 root       0 -20       0      0      0 I  0.0  0.0   0:00.00 edac-p+ [m[m[K
[m   32 root       0 -20       0      0      0 I  0.0  0.0   0:00.00 devfre+ [m[m[K
[m   33 root       0 -20       0      0      0 I  0.0  0.0   0:00.00 watchd+ [m[m[K[?1l>[38;1H
[K